********************************************************************************
product = Open Liberty 24.0.0.1 (wlp-1.0.85.cl240120240115-2042)
wlp.install.dir = D:/mine/JEE/authentication/project/target/liberty/wlp/
java.home = C:\Program Files\Java\jdk-21
java.version = 21.0.2
java.runtime = Java(TM) SE Runtime Environment (21.0.2+13-LTS-58)
os = Windows 11 (10.0; amd64) (en_US)
process = 17136@Android
Classpath = D:\mine\JEE\authentication\project\target\liberty\wlp\bin\tools\ws-server.jar
Java Library path = C:\Program Files\Java\jdk-21\bin;C:\WINDOWS\Sun\Java\bin;C:\WINDOWS\system32;C:\WINDOWS;C:\Users\21269\bin;C:\Program Files\Git\mingw64\bin;C:\Program Files\Git\usr\local\bin;C:\Program Files\Git\usr\bin;C:\Program Files\Git\usr\bin;C:\Program Files\Git\mingw64\bin;C:\Program Files\Git\usr\bin;C:\Users\21269\bin;D:\applications\app\oracle\product\11.2.0\server\bin;C:\Program Files\Common Files\Oracle\Java\javapath;C:\Program Files (x86)\Common Files\Oracle\Java\javapath;C:\Python310\Scripts;C:\Python310;C:\Windows\System32\HWAudioDriverLibs;C:\Windows\system32;C:\Windows;C:\Windows\System32\Wbem;C:\Windows\System32\WindowsPowerShell\v1.0;C:\Windows\System32\OpenSSH;C:\Users\Administrator\AppData\Local\Microsoft\WindowsApps;C:\composer;C:\php-8.1.10;C:\ProgramData\chocolatey\bin;C:\WINDOWS\system32;C:\WINDOWS;C:\WINDOWS\System32\Wbem;C:\WINDOWS\System32\WindowsPowerShell\v1.0;C:\WINDOWS\System32\OpenSSH;C:\Program Files\Git\cmd;C:\Program Files\Microsoft SQL Server\150\Tools\Binn;C:\Program Files\Microsoft SQL Server\Client SDK\ODBC\170\Tools\Binn;C:\Program Files\dotnet;C:\Program Files\apache-maven-3.9.6\bin;C:\Program Files\Java\jre-1.8\bin;C:\Program Files\Java\jdk-21\bin;C:\Users\21269\AppData\Local\Microsoft\WindowsApps;C:\Users\21269\AppData\Local\Programs\Microsoft VS Code\bin;C:\Users\21269;C:\php-8.1.10;C:\MinGW\bin;C:\Users\21269\AppData\Roaming\Composer\vendor\bin;C:\Users\21269\AppData\Local\ComposerSetup\bin;C:\Program Files\JetBrains\IntelliJ IDEA Community Edition 2022.2.2\bin;C:\Users\21269\AppData\Local\GitHubDesktop\bin;C:\Swift\bin;C:\Users\21269\flutter\bin;C:\Users\21269\AppData\Local\Android\Sdk;JAVA_HOME%\bin;C:\Program Files\Java\jdk-20;C:\Program Files\Java\jdk-20\bin;C:\Program Files\Java\jre-1.8;C:\Users\21269\.dotnet\tools;C:\Program Files\apache-maven-3.9.6\bin;C:\Program Files\Java\jre-1.8\bin;C:\Program Files\Java\jdk-21\bin;C:\Program Files\Git\usr\bin\vendor_perl;C:\Program Files\Git\usr\bin\core_perl;.
********************************************************************************
[2/26/24, 10:43:00:218 WEST] 00000001 com.ibm.ws.kernel.launch.internal.FrameworkManager           A CWWKE0001I: The server projectServer has been launched.
[2/26/24, 10:43:00:874 WEST] 00000001 com.ibm.ws.kernel.launch.internal.FrameworkManager           I CWWKE0002I: The kernel started after 0.876 seconds
[2/26/24, 10:43:00:956 WEST] 00000036 com.ibm.ws.kernel.feature.internal.FeatureManager            I CWWKF0007I: Feature update started.
[2/26/24, 10:43:02:136 WEST] 00000025 com.ibm.ws.app.manager.internal.monitor.DropinMonitor        A CWWKZ0058I: Monitoring dropins for applications.
[2/26/24, 10:43:02:508 WEST] 00000044 com.ibm.ws.app.manager.AppMessageHelper                      I CWWKZ0018I: Starting application project.
[2/26/24, 10:43:02:509 WEST] 00000044 bm.ws.app.manager.war.internal.WARDeployedAppInfoFactoryImpl I CWWKZ0134I: The project application is using the loose application definition at the D:\mine\JEE\authentication\project\target\liberty\wlp\usr\servers\projectServer\apps\project.war.xml location.
[2/26/24, 10:43:02:649 WEST] 00000044 m.ibm.ws.container.service.app.deploy.ManifestClassPathUtils W SRVE9967W: The manifest class path oraclepki.jar can not be found in jar file file:/C:/Users/21269/.m2/repository/com/oracle/database/jdbc/ojdbc8/19.3.0.0/ojdbc8-19.3.0.0.jar or its parent.
[2/26/24, 10:43:02:664 WEST] 00000044 m.ibm.ws.container.service.app.deploy.ManifestClassPathUtils W SRVE9967W: The manifest class path osdt_core.jar can not be found in jar file file:/C:/Users/21269/.m2/repository/com/oracle/database/security/oraclepki/19.3.0.0/oraclepki-19.3.0.0.jar or its parent.
[2/26/24, 10:43:02:665 WEST] 00000044 m.ibm.ws.container.service.app.deploy.ManifestClassPathUtils W SRVE9967W: The manifest class path osdt_cert.jar can not be found in jar file file:/C:/Users/21269/.m2/repository/com/oracle/database/security/oraclepki/19.3.0.0/oraclepki-19.3.0.0.jar or its parent.
[2/26/24, 10:43:02:675 WEST] 00000044 m.ibm.ws.container.service.app.deploy.ManifestClassPathUtils W SRVE9967W: The manifest class path ../oracle.osdt/osdt_core.jar can not be found in jar file file:/C:/Users/21269/.m2/repository/com/oracle/database/security/oraclepki/19.3.0.0/oraclepki-19.3.0.0.jar or its parent.
[2/26/24, 10:43:02:678 WEST] 00000044 m.ibm.ws.container.service.app.deploy.ManifestClassPathUtils W SRVE9967W: The manifest class path ../oracle.osdt/osdt_cert.jar can not be found in jar file file:/C:/Users/21269/.m2/repository/com/oracle/database/security/oraclepki/19.3.0.0/oraclepki-19.3.0.0.jar or its parent.
[2/26/24, 10:43:02:946 WEST] 00000044 m.ibm.ws.container.service.app.deploy.ManifestClassPathUtils W SRVE9967W: The manifest class path oraclepki.jar can not be found in jar file file:/C:/Users/21269/.m2/repository/com/oracle/database/jdbc/ojdbc8/19.3.0.0/ojdbc8-19.3.0.0.jar or its parent.
[2/26/24, 10:43:02:952 WEST] 00000044 m.ibm.ws.container.service.app.deploy.ManifestClassPathUtils W SRVE9967W: The manifest class path osdt_core.jar can not be found in jar file file:/C:/Users/21269/.m2/repository/com/oracle/database/security/oraclepki/19.3.0.0/oraclepki-19.3.0.0.jar or its parent.
[2/26/24, 10:43:02:953 WEST] 00000044 m.ibm.ws.container.service.app.deploy.ManifestClassPathUtils W SRVE9967W: The manifest class path osdt_cert.jar can not be found in jar file file:/C:/Users/21269/.m2/repository/com/oracle/database/security/oraclepki/19.3.0.0/oraclepki-19.3.0.0.jar or its parent.
[2/26/24, 10:43:02:954 WEST] 00000044 m.ibm.ws.container.service.app.deploy.ManifestClassPathUtils W SRVE9967W: The manifest class path ../oracle.osdt/osdt_core.jar can not be found in jar file file:/C:/Users/21269/.m2/repository/com/oracle/database/security/oraclepki/19.3.0.0/oraclepki-19.3.0.0.jar or its parent.
[2/26/24, 10:43:02:955 WEST] 00000044 m.ibm.ws.container.service.app.deploy.ManifestClassPathUtils W SRVE9967W: The manifest class path ../oracle.osdt/osdt_cert.jar can not be found in jar file file:/C:/Users/21269/.m2/repository/com/oracle/database/security/oraclepki/19.3.0.0/oraclepki-19.3.0.0.jar or its parent.
[2/26/24, 10:43:03:821 WEST] 00000044 org.jboss.weld.Version                                       I WELD-000900: 5.1.1 (SP1)
[2/26/24, 10:43:05:134 WEST] 00000044 com.ibm.ws.session.WASSessionCore                            I SESN8501I: The session manager did not find a persistent storage location; HttpSession objects will be stored in the local application server's memory.
[2/26/24, 10:43:05:140 WEST] 00000044 com.ibm.ws.webcontainer.osgi.webapp.WebGroup                 I SRVE0169I: Loading Web Module: Hello Servlet.
[2/26/24, 10:43:05:142 WEST] 00000044 com.ibm.ws.webcontainer                                      I SRVE0250I: Web Module Hello Servlet has been bound to default_host.
[2/26/24, 10:43:05:143 WEST] 00000044 com.ibm.ws.http.internal.VirtualHostImpl                     A CWWKT0016I: Web application available (default_host): http://localhost:9010/project/
[2/26/24, 10:43:05:164 WEST] 00000048 com.ibm.ws.session.WASSessionCore                            I SESN0176I: A new session context will be created for application key default_host/project
[2/26/24, 10:43:05:173 WEST] 00000048 com.ibm.ws.util                                              I SESN0172I: The session manager is using the Java default SecureRandom implementation for session ID generation.
[2/26/24, 10:43:05:208 WEST] 00000048 com.ibm.ws.app.manager.AppMessageHelper                      A CWWKZ0001I: Application project started in 2.698 seconds.
[2/26/24, 10:43:05:219 WEST] 00000036 com.ibm.ws.tcpchannel.internal.TCPPort                       I CWWKO0219I: TCP Channel defaultHttpEndpoint has been started and is now listening for requests on host kubernetes.docker.internal  (IPv4: 127.0.0.1) port 9010.
[2/26/24, 10:43:05:258 WEST] 00000036 com.ibm.ws.kernel.feature.internal.FeatureManager            A CWWKF0012I: The server installed the following features: [cdi-4.0, jdbc-4.3, servlet-6.0].
[2/26/24, 10:43:05:258 WEST] 00000036 com.ibm.ws.kernel.feature.internal.FeatureManager            I CWWKF0008I: Feature update completed in 4.380 seconds.
[2/26/24, 10:43:05:258 WEST] 00000036 com.ibm.ws.kernel.feature.internal.FeatureManager            A CWWKF0011I: The projectServer server is ready to run a smarter planet. The projectServer server started in 5.260 seconds.
[2/26/24, 10:43:05:326 WEST] 0000004d com.ibm.ws.webcontainer.osgi.mbeans.PluginGenerator          I SRVE9103I: A configuration file for a web server plugin was automatically generated for this server at D:\mine\JEE\authentication\project\target\liberty\wlp\usr\servers\projectServer\logs\state\plugin-cfg.xml.
[2/26/24, 10:43:07:766 WEST] 0000003b com.ibm.ws.http.internal.VirtualHostImpl                     A CWWKT0017I: Web application removed (default_host): http://localhost:9010/project/
[2/26/24, 10:43:07:788 WEST] 0000003b com.ibm.ws.app.manager.AppMessageHelper                      A CWWKZ0009I: The application project has stopped successfully.
[2/26/24, 10:43:07:793 WEST] 0000003b com.ibm.ws.app.manager.AppMessageHelper                      I CWWKZ0018I: Starting application project.
[2/26/24, 10:43:07:794 WEST] 0000003b bm.ws.app.manager.war.internal.WARDeployedAppInfoFactoryImpl I CWWKZ0134I: The project application is using the loose application definition at the D:\mine\JEE\authentication\project\target\liberty\wlp\usr\servers\projectServer\apps\project.war.xml location.
[2/26/24, 10:43:07:806 WEST] 0000003b m.ibm.ws.container.service.app.deploy.ManifestClassPathUtils W SRVE9967W: The manifest class path oraclepki.jar can not be found in jar file file:/C:/Users/21269/.m2/repository/com/oracle/database/jdbc/ojdbc8/19.3.0.0/ojdbc8-19.3.0.0.jar or its parent.
[2/26/24, 10:43:07:813 WEST] 0000003b m.ibm.ws.container.service.app.deploy.ManifestClassPathUtils W SRVE9967W: The manifest class path osdt_core.jar can not be found in jar file file:/C:/Users/21269/.m2/repository/com/oracle/database/security/oraclepki/19.3.0.0/oraclepki-19.3.0.0.jar or its parent.
[2/26/24, 10:43:07:813 WEST] 0000003b m.ibm.ws.container.service.app.deploy.ManifestClassPathUtils W SRVE9967W: The manifest class path osdt_cert.jar can not be found in jar file file:/C:/Users/21269/.m2/repository/com/oracle/database/security/oraclepki/19.3.0.0/oraclepki-19.3.0.0.jar or its parent.
[2/26/24, 10:43:07:813 WEST] 0000004d com.ibm.ws.webcontainer.osgi.mbeans.PluginGenerator          I SRVE9103I: A configuration file for a web server plugin was automatically generated for this server at D:\mine\JEE\authentication\project\target\liberty\wlp\usr\servers\projectServer\logs\state\plugin-cfg.xml.
[2/26/24, 10:43:07:813 WEST] 0000003b m.ibm.ws.container.service.app.deploy.ManifestClassPathUtils W SRVE9967W: The manifest class path ../oracle.osdt/osdt_core.jar can not be found in jar file file:/C:/Users/21269/.m2/repository/com/oracle/database/security/oraclepki/19.3.0.0/oraclepki-19.3.0.0.jar or its parent.
[2/26/24, 10:43:07:814 WEST] 0000003b m.ibm.ws.container.service.app.deploy.ManifestClassPathUtils W SRVE9967W: The manifest class path ../oracle.osdt/osdt_cert.jar can not be found in jar file file:/C:/Users/21269/.m2/repository/com/oracle/database/security/oraclepki/19.3.0.0/oraclepki-19.3.0.0.jar or its parent.
[2/26/24, 10:43:07:862 WEST] 0000003b m.ibm.ws.container.service.app.deploy.ManifestClassPathUtils W SRVE9967W: The manifest class path oraclepki.jar can not be found in jar file file:/C:/Users/21269/.m2/repository/com/oracle/database/jdbc/ojdbc8/19.3.0.0/ojdbc8-19.3.0.0.jar or its parent.
[2/26/24, 10:43:07:864 WEST] 0000003b m.ibm.ws.container.service.app.deploy.ManifestClassPathUtils W SRVE9967W: The manifest class path osdt_core.jar can not be found in jar file file:/C:/Users/21269/.m2/repository/com/oracle/database/security/oraclepki/19.3.0.0/oraclepki-19.3.0.0.jar or its parent.
[2/26/24, 10:43:07:865 WEST] 0000003b m.ibm.ws.container.service.app.deploy.ManifestClassPathUtils W SRVE9967W: The manifest class path osdt_cert.jar can not be found in jar file file:/C:/Users/21269/.m2/repository/com/oracle/database/security/oraclepki/19.3.0.0/oraclepki-19.3.0.0.jar or its parent.
[2/26/24, 10:43:07:866 WEST] 0000003b m.ibm.ws.container.service.app.deploy.ManifestClassPathUtils W SRVE9967W: The manifest class path ../oracle.osdt/osdt_core.jar can not be found in jar file file:/C:/Users/21269/.m2/repository/com/oracle/database/security/oraclepki/19.3.0.0/oraclepki-19.3.0.0.jar or its parent.
[2/26/24, 10:43:07:867 WEST] 0000003b m.ibm.ws.container.service.app.deploy.ManifestClassPathUtils W SRVE9967W: The manifest class path ../oracle.osdt/osdt_cert.jar can not be found in jar file file:/C:/Users/21269/.m2/repository/com/oracle/database/security/oraclepki/19.3.0.0/oraclepki-19.3.0.0.jar or its parent.
[2/26/24, 10:43:08:347 WEST] 0000003b com.ibm.ws.webcontainer.osgi.webapp.WebGroup                 I SRVE0169I: Loading Web Module: Hello Servlet.
[2/26/24, 10:43:08:347 WEST] 0000003b com.ibm.ws.webcontainer                                      I SRVE0250I: Web Module Hello Servlet has been bound to default_host.
[2/26/24, 10:43:08:348 WEST] 0000003b com.ibm.ws.http.internal.VirtualHostImpl                     A CWWKT0016I: Web application available (default_host): http://localhost:9010/project/
[2/26/24, 10:43:08:348 WEST] 0000003f com.ibm.ws.session.WASSessionCore                            I SESN0176I: A new session context will be created for application key default_host/project
[2/26/24, 10:43:08:349 WEST] 0000003f com.ibm.ws.util                                              I SESN0172I: The session manager is using the Java default SecureRandom implementation for session ID generation.
[2/26/24, 10:43:08:355 WEST] 0000003f com.ibm.ws.app.manager.AppMessageHelper                      A CWWKZ0003I: The application project updated in 0.561 seconds.
[2/26/24, 10:43:08:368 WEST] 0000003b com.ibm.ws.webcontainer.osgi.mbeans.PluginGenerator          I SRVE9103I: A configuration file for a web server plugin was automatically generated for this server at D:\mine\JEE\authentication\project\target\liberty\wlp\usr\servers\projectServer\logs\state\plugin-cfg.xml.
[2/26/24, 10:43:43:039 WEST] 00000036 com.ibm.ws.http.internal.VirtualHostImpl                     A CWWKT0017I: Web application removed (default_host): http://localhost:9010/project/
[2/26/24, 10:43:43:043 WEST] 00000036 com.ibm.ws.app.manager.AppMessageHelper                      A CWWKZ0009I: The application project has stopped successfully.
[2/26/24, 10:43:43:048 WEST] 00000036 com.ibm.ws.app.manager.AppMessageHelper                      I CWWKZ0018I: Starting application project.
[2/26/24, 10:43:43:048 WEST] 00000036 bm.ws.app.manager.war.internal.WARDeployedAppInfoFactoryImpl I CWWKZ0134I: The project application is using the loose application definition at the D:\mine\JEE\authentication\project\target\liberty\wlp\usr\servers\projectServer\apps\project.war.xml location.
[2/26/24, 10:43:43:061 WEST] 0000004b com.ibm.ws.webcontainer.osgi.mbeans.PluginGenerator          I SRVE9103I: A configuration file for a web server plugin was automatically generated for this server at D:\mine\JEE\authentication\project\target\liberty\wlp\usr\servers\projectServer\logs\state\plugin-cfg.xml.
[2/26/24, 10:43:43:099 WEST] 00000036 com.ibm.ws.logging.internal.impl.IncidentImpl                I FFDC1015I: An FFDC Incident has been created: "com.ibm.wsspi.adaptable.module.UnableToAdaptException: com.ibm.ws.javaee.ddmodel.DDParser$ParseException: CWWKC2259E: Unexpected child element index of parent element welcome-file encountered in the webapp : WEB-INF/web.xml deployment descriptor on line 8. com.ibm.ws.app.manager.module.internal.ContextRootUtil 45" at ffdc_24.02.26_10.43.43.0.log
[2/26/24, 10:43:43:228 WEST] 00000036 com.ibm.ws.logging.internal.impl.IncidentImpl                I FFDC1015I: An FFDC Incident has been created: "com.ibm.wsspi.adaptable.module.UnableToAdaptException: com.ibm.ws.javaee.ddmodel.DDParser$ParseException: CWWKC2259E: Unexpected child element index of parent element welcome-file encountered in the webapp : WEB-INF/web.xml deployment descriptor on line 8. com.ibm.ws.app.manager.war.internal.WARApplicationHandlerImpl 53" at ffdc_24.02.26_10.43.43.1.log
[2/26/24, 10:43:43:339 WEST] 00000036 com.ibm.ws.logging.internal.impl.IncidentImpl                I FFDC1015I: An FFDC Incident has been created: "java.lang.IllegalStateException: com.ibm.wsspi.adaptable.module.UnableToAdaptException: com.ibm.ws.javaee.ddmodel.DDParser$ParseException: CWWKC2259E: Unexpected child element index of parent element welcome-file encountered in the webapp : WEB-INF/web.xml deployment descriptor on line 8. com.ibm.ws.app.manager.internal.statemachine.StartAction 190" at ffdc_24.02.26_10.43.43.2.log
[2/26/24, 10:43:43:340 WEST] 00000036 com.ibm.ws.app.manager.AppMessageHelper                      E CWWKZ0004E: An exception occurred while starting the application project. The exception message was: java.lang.IllegalStateException: com.ibm.wsspi.adaptable.module.UnableToAdaptException: com.ibm.ws.javaee.ddmodel.DDParser$ParseException: CWWKC2259E: Unexpected child element index of parent element welcome-file encountered in the webapp : WEB-INF/web.xml deployment descriptor on line 8.
[2/26/24, 10:45:51:221 WEST] 0000004c com.ibm.ws.config.xml.internal.ConfigRefresher               A CWWKG0016I: Starting server configuration update.
[2/26/24, 10:45:51:250 WEST] 0000004c com.ibm.ws.config.xml.internal.ConfigRefresher               A CWWKG0018I: The server configuration was not updated. No functional changes were detected.
[2/26/24, 10:46:17:551 WEST] 0000001f com.ibm.ws.kernel.launch.internal.ServerCommandListener      A CWWKE0055I: Server shutdown requested on Monday, February 26, 2024 at 10:46â€¯AM. The server projectServer is shutting down.
[2/26/24, 10:46:17:557 WEST] 00000051 com.ibm.ws.runtime.update.internal.RuntimeUpdateManagerImpl  A CWWKE1100I: Waiting for up to 30 seconds for the server to quiesce.
[2/26/24, 10:46:17:564 WEST] 00000047 com.ibm.ws.tcpchannel.internal.TCPChannel                    I CWWKO0220I: TCP Channel defaultHttpEndpoint has stopped listening for requests on host kubernetes.docker.internal  (IPv4: 127.0.0.1) port 9010.
[2/26/24, 10:46:18:567 WEST] 00000051 com.ibm.ws.runtime.update.internal.RuntimeUpdateManagerImpl  I CWWKE1101I: Server quiesce complete.
[2/26/24, 10:46:18:931 WEST] 00000001 com.ibm.ws.kernel.launch.internal.FrameworkManager           A CWWKE0036I: The server projectServer stopped after 3 minutes, 18.932 seconds.
