-------------------------------------------------------------------------------
Test set: oumnou.lp.it.EndpointIT
-------------------------------------------------------------------------------
Tests run: 1, Failures: 1, Errors: 0, Skipped: 0, Time elapsed: 0.138 sec <<< FAILURE! - in oumnou.lp.it.EndpointIT
testServlet(oumnou.lp.it.EndpointIT)  Time elapsed: 0.089 sec  <<< FAILURE!
java.lang.AssertionError: Unexpected response body
	at oumnou.lp.it.EndpointIT.testServlet(EndpointIT.java:32)

