<?xml version="1.0" encoding="UTF-8"?>
<testsuite xmlns:xsi="http://www.w3.org/2001/XMLSchema-instance" xsi:schemaLocation="https://maven.apache.org/surefire/maven-surefire-plugin/xsd/surefire-test-report.xsd" name="oumnou.lp.it.EndpointIT" time="0.138" tests="1" errors="0" skipped="0" failures="1">
  <properties>
[...]
</properties>
  <testcase name="testServlet" classname="oumnou.lp.it.EndpointIT" time="0.089">
    <failure message="Unexpected response body" type="java.lang.AssertionError">java.lang.AssertionError: Unexpected response body
	at oumnou.lp.it.EndpointIT.testServlet(EndpointIT.java:32)
</failure>
  </testcase>
</testsuite>